<?xml version="1.0" encoding="UTF-8"?>
<testng-results ignored="0" total="2" passed="2" failed="0" skipped="0">
  <reporter-output>
  </reporter-output>
  <suite started-at="2024-03-12T19:25:55 IST" name="Default suite" finished-at="2024-03-12T19:25:55 IST" duration-ms="98">
    <groups>
    </groups>
    <test started-at="2024-03-12T19:25:55 IST" name="Default test" finished-at="2024-03-12T19:25:55 IST" duration-ms="98">
      <class name="testNGExamples.Example611march">
        <test-method is-config="true" signature="openBrowser()[pri:0, instance:testNGExamples.Example611march@60bd273d]" started-at="2024-03-12T19:25:55 IST" name="openBrowser" finished-at="2024-03-12T19:25:55 IST" duration-ms="12" status="PASS">
          <reporter-output>
          </reporter-output>
        </test-method> <!-- openBrowser -->
        <test-method is-config="true" signature="login()[pri:0, instance:testNGExamples.Example611march@60bd273d]" started-at="2024-03-12T19:25:55 IST" name="login" finished-at="2024-03-12T19:25:55 IST" duration-ms="0" status="PASS">
          <reporter-output>
          </reporter-output>
        </test-method> <!-- login -->
        <test-method signature="tc1()[pri:0, instance:testNGExamples.Example611march@60bd273d]" started-at="2024-03-12T19:25:55 IST" name="tc1" finished-at="2024-03-12T19:25:55 IST" duration-ms="7" status="PASS">
          <reporter-output>
          </reporter-output>
        </test-method> <!-- tc1 -->
        <test-method is-config="true" signature="logout()[pri:0, instance:testNGExamples.Example611march@60bd273d]" started-at="2024-03-12T19:25:55 IST" name="logout" finished-at="2024-03-12T19:25:55 IST" duration-ms="0" status="PASS">
          <reporter-output>
          </reporter-output>
        </test-method> <!-- logout -->
        <test-method is-config="true" signature="login()[pri:0, instance:testNGExamples.Example611march@60bd273d]" started-at="2024-03-12T19:25:55 IST" name="login" finished-at="2024-03-12T19:25:55 IST" duration-ms="1" status="PASS">
          <reporter-output>
          </reporter-output>
        </test-method> <!-- login -->
        <test-method signature="tc2()[pri:0, instance:testNGExamples.Example611march@60bd273d]" started-at="2024-03-12T19:25:55 IST" name="tc2" finished-at="2024-03-12T19:25:55 IST" duration-ms="2" status="PASS">
          <reporter-output>
          </reporter-output>
        </test-method> <!-- tc2 -->
        <test-method is-config="true" signature="logout()[pri:0, instance:testNGExamples.Example611march@60bd273d]" started-at="2024-03-12T19:25:55 IST" name="logout" finished-at="2024-03-12T19:25:55 IST" duration-ms="1" status="PASS">
          <reporter-output>
          </reporter-output>
        </test-method> <!-- logout -->
        <test-method is-config="true" signature="closeBrowser()[pri:0, instance:testNGExamples.Example611march@60bd273d]" started-at="2024-03-12T19:25:55 IST" name="closeBrowser" finished-at="2024-03-12T19:25:55 IST" duration-ms="1" status="PASS">
          <reporter-output>
          </reporter-output>
        </test-method> <!-- closeBrowser -->
      </class> <!-- testNGExamples.Example611march -->
    </test> <!-- Default test -->
  </suite> <!-- Default suite -->
</testng-results>
